2025-11-10T08:00:10.317-03:00  INFO 2500 --- [library-api-estudo] [main] i.g.a.l.LibraryApiEstudoApplication      : Starting LibraryApiEstudoApplication using Java 21.0.8 with PID 2500 (C:\Users\anapa\Documents\git\library-api-estudo\target\classes started by anapa in C:\Users\anapa\Documents\git\library-api-estudo)
2025-11-10T08:00:10.328-03:00 DEBUG 2500 --- [library-api-estudo] [main] i.g.a.l.LibraryApiEstudoApplication      : Running with Spring Boot v3.3.5, Spring v6.1.14
2025-11-10T08:00:10.329-03:00  INFO 2500 --- [library-api-estudo] [main] i.g.a.l.LibraryApiEstudoApplication      : No active profile set, falling back to 1 default profile: "default"
2025-11-10T08:00:14.149-03:00  WARN 2500 --- [library-api-estudo] [main] com.zaxxer.hikari.HikariConfig           : library-db-pool - idleTimeout is close to or more than maxLifetime, disabling it.
2025-11-10T08:00:17.941-03:00 DEBUG 2500 --- [library-api-estudo] [main] i.g.a.l.s.JwtCustomAuthenticationFilter  : Filter 'jwtCustomAuthenticationFilter' configured for use
2025-11-10T08:00:20.380-03:00  WARN 2500 --- [library-api-estudo] [main] JpaBaseConfiguration$JpaWebConfiguration : spring.jpa.open-in-view is enabled by default. Therefore, database queries may be performed during view rendering. Explicitly configure spring.jpa.open-in-view to disable this warning
2025-11-10T08:00:20.630-03:00 DEBUG 2500 --- [library-api-estudo] [main] s.w.s.m.m.a.RequestMappingHandlerMapping : 21 mappings in 'requestMappingHandlerMapping'
2025-11-10T08:00:20.670-03:00 DEBUG 2500 --- [library-api-estudo] [main] o.s.w.s.handler.SimpleUrlHandlerMapping  : Patterns [/login] in 'viewControllerHandlerMapping'
2025-11-10T08:00:20.793-03:00 DEBUG 2500 --- [library-api-estudo] [main] o.s.w.s.handler.SimpleUrlHandlerMapping  : Patterns [/swagger-ui*/*swagger-initializer.js, /swagger-ui*/**] in 'resourceHandlerMapping'
2025-11-10T08:00:21.635-03:00  WARN 2500 --- [library-api-estudo] [main] o.s.s.c.a.web.builders.WebSecurity       : You are asking Spring Security to ignore Deferred [Mvc [pattern='/v2/api-docs/**'], Ant [pattern='/v2/api-docs/**']]. This is not recommended -- please use permitAll via HttpSecurity#authorizeHttpRequests instead.
2025-11-10T08:00:21.636-03:00  WARN 2500 --- [library-api-estudo] [main] o.s.s.c.a.web.builders.WebSecurity       : You are asking Spring Security to ignore Deferred [Mvc [pattern='/v3/api-docs/**'], Ant [pattern='/v3/api-docs/**']]. This is not recommended -- please use permitAll via HttpSecurity#authorizeHttpRequests instead.
2025-11-10T08:00:21.636-03:00  WARN 2500 --- [library-api-estudo] [main] o.s.s.c.a.web.builders.WebSecurity       : You are asking Spring Security to ignore Deferred [Mvc [pattern='/swagger-resources/**'], Ant [pattern='/swagger-resources/**']]. This is not recommended -- please use permitAll via HttpSecurity#authorizeHttpRequests instead.
2025-11-10T08:00:21.636-03:00  WARN 2500 --- [library-api-estudo] [main] o.s.s.c.a.web.builders.WebSecurity       : You are asking Spring Security to ignore Deferred [Mvc [pattern='/swagger-ui.html'], Ant [pattern='/swagger-ui.html']]. This is not recommended -- please use permitAll via HttpSecurity#authorizeHttpRequests instead.
2025-11-10T08:00:21.636-03:00  WARN 2500 --- [library-api-estudo] [main] o.s.s.c.a.web.builders.WebSecurity       : You are asking Spring Security to ignore Deferred [Mvc [pattern='/swagger-ui/**'], Ant [pattern='/swagger-ui/**']]. This is not recommended -- please use permitAll via HttpSecurity#authorizeHttpRequests instead.
2025-11-10T08:00:21.636-03:00  WARN 2500 --- [library-api-estudo] [main] o.s.s.c.a.web.builders.WebSecurity       : You are asking Spring Security to ignore Deferred [Mvc [pattern='/webjars/**'], Ant [pattern='/webjars/**']]. This is not recommended -- please use permitAll via HttpSecurity#authorizeHttpRequests instead.
2025-11-10T08:00:21.706-03:00 DEBUG 2500 --- [library-api-estudo] [main] s.w.s.m.m.a.RequestMappingHandlerAdapter : ControllerAdvice beans: 0 @ModelAttribute, 0 @InitBinder, 1 RequestBodyAdvice, 1 ResponseBodyAdvice
2025-11-10T08:00:21.750-03:00 DEBUG 2500 --- [library-api-estudo] [main] .m.m.a.ExceptionHandlerExceptionResolver : ControllerAdvice beans: 2 @ExceptionHandler, 1 ResponseBodyAdvice
2025-11-10T08:00:22.493-03:00  INFO 2500 --- [library-api-estudo] [main] i.g.a.l.LibraryApiEstudoApplication      : Started LibraryApiEstudoApplication in 12.95 seconds (process running for 14.671)
2025-11-10T08:01:02.314-03:00  INFO 2500 --- [library-api-estudo] [http-nio-8080-exec-1] o.s.web.servlet.DispatcherServlet        : Initializing Servlet 'dispatcherServlet'
2025-11-10T08:01:02.315-03:00 DEBUG 2500 --- [library-api-estudo] [http-nio-8080-exec-1] o.s.web.servlet.DispatcherServlet        : Detected StandardServletMultipartResolver
2025-11-10T08:01:02.315-03:00 DEBUG 2500 --- [library-api-estudo] [http-nio-8080-exec-1] o.s.web.servlet.DispatcherServlet        : Detected AcceptHeaderLocaleResolver
2025-11-10T08:01:02.315-03:00 DEBUG 2500 --- [library-api-estudo] [http-nio-8080-exec-1] o.s.web.servlet.DispatcherServlet        : Detected FixedThemeResolver
2025-11-10T08:01:02.318-03:00 DEBUG 2500 --- [library-api-estudo] [http-nio-8080-exec-1] o.s.web.servlet.DispatcherServlet        : Detected org.springframework.web.servlet.view.DefaultRequestToViewNameTranslator@72238cf0
2025-11-10T08:01:02.319-03:00 DEBUG 2500 --- [library-api-estudo] [http-nio-8080-exec-1] o.s.web.servlet.DispatcherServlet        : Detected org.springframework.web.servlet.support.SessionFlashMapManager@75eed00f
2025-11-10T08:01:02.321-03:00 DEBUG 2500 --- [library-api-estudo] [http-nio-8080-exec-1] o.s.web.servlet.DispatcherServlet        : enableLoggingRequestDetails='false': request parameters and headers will be masked to prevent unsafe logging of potentially sensitive data
2025-11-10T08:01:02.321-03:00  INFO 2500 --- [library-api-estudo] [http-nio-8080-exec-1] o.s.web.servlet.DispatcherServlet        : Completed initialization in 6 ms
2025-11-10T08:01:03.056-03:00 DEBUG 2500 --- [library-api-estudo] [http-nio-8080-exec-2] o.s.web.servlet.DispatcherServlet        : GET "/login", parameters={}
2025-11-10T08:01:03.060-03:00 DEBUG 2500 --- [library-api-estudo] [http-nio-8080-exec-2] o.s.w.s.handler.SimpleUrlHandlerMapping  : Mapped to ParameterizableViewController [view="login"]
2025-11-10T08:01:03.808-03:00 DEBUG 2500 --- [library-api-estudo] [http-nio-8080-exec-2] o.s.web.servlet.DispatcherServlet        : Completed 200 OK
2025-11-10T08:01:56.537-03:00 DEBUG 2500 --- [library-api-estudo] [http-nio-8080-exec-9] o.s.web.servlet.DispatcherServlet        : GET "/autores?nome=franc&nacionalidade=bra", parameters={masked}
2025-11-10T08:01:56.538-03:00 DEBUG 2500 --- [library-api-estudo] [http-nio-8080-exec-9] s.w.s.m.m.a.RequestMappingHandlerMapping : Mapped to io.github.aplaraujo.library_api_estudo.controllers.AutorController#pesquisar(String, String)
2025-11-10T08:01:56.604-03:00  INFO 2500 --- [library-api-estudo] [http-nio-8080-exec-9] i.g.a.l.controllers.AutorController      : Pesquisa autores
2025-11-10T08:01:56.820-03:00 DEBUG 2500 --- [library-api-estudo] [http-nio-8080-exec-9] o.s.w.s.m.m.a.HttpEntityMethodProcessor  : Using 'application/json', given [*/*] and supported [application/json, application/*+json]
2025-11-10T08:01:56.825-03:00 DEBUG 2500 --- [library-api-estudo] [http-nio-8080-exec-9] o.s.w.s.m.m.a.HttpEntityMethodProcessor  : Writing [[AutorDTO[id=309bcf72-d1f6-40ff-9045-6bb42f998fb7, nome=Francisca Chiara, dataNascimento=1980-01-01, (truncated)...]
2025-11-10T08:01:56.891-03:00 DEBUG 2500 --- [library-api-estudo] [http-nio-8080-exec-9] o.s.web.servlet.DispatcherServlet        : Completed 200 OK
2025-11-10T08:11:35.020-03:00  INFO 20728 --- [library-api-estudo] [main] i.g.a.l.LibraryApiEstudoApplication      : Starting LibraryApiEstudoApplication using Java 21.0.8 with PID 20728 (C:\Users\anapa\Documents\git\library-api-estudo\target\classes started by anapa in C:\Users\anapa\Documents\git\library-api-estudo)
2025-11-10T08:11:35.023-03:00 DEBUG 20728 --- [library-api-estudo] [main] i.g.a.l.LibraryApiEstudoApplication      : Running with Spring Boot v3.3.5, Spring v6.1.14
2025-11-10T08:11:35.026-03:00  INFO 20728 --- [library-api-estudo] [main] i.g.a.l.LibraryApiEstudoApplication      : No active profile set, falling back to 1 default profile: "default"
2025-11-10T08:11:38.726-03:00  WARN 20728 --- [library-api-estudo] [main] com.zaxxer.hikari.HikariConfig           : library-db-pool - idleTimeout is close to or more than maxLifetime, disabling it.
2025-11-10T08:11:41.702-03:00 DEBUG 20728 --- [library-api-estudo] [main] i.g.a.l.s.JwtCustomAuthenticationFilter  : Filter 'jwtCustomAuthenticationFilter' configured for use
2025-11-10T08:11:43.014-03:00  WARN 20728 --- [library-api-estudo] [main] JpaBaseConfiguration$JpaWebConfiguration : spring.jpa.open-in-view is enabled by default. Therefore, database queries may be performed during view rendering. Explicitly configure spring.jpa.open-in-view to disable this warning
2025-11-10T08:11:43.285-03:00 DEBUG 20728 --- [library-api-estudo] [main] s.w.s.m.m.a.RequestMappingHandlerMapping : 21 mappings in 'requestMappingHandlerMapping'
2025-11-10T08:11:43.318-03:00 DEBUG 20728 --- [library-api-estudo] [main] o.s.w.s.handler.SimpleUrlHandlerMapping  : Patterns [/login] in 'viewControllerHandlerMapping'
2025-11-10T08:11:43.392-03:00 DEBUG 20728 --- [library-api-estudo] [main] o.s.w.s.handler.SimpleUrlHandlerMapping  : Patterns [/swagger-ui*/*swagger-initializer.js, /swagger-ui*/**] in 'resourceHandlerMapping'
2025-11-10T08:11:44.569-03:00  WARN 20728 --- [library-api-estudo] [main] o.s.s.c.a.web.builders.WebSecurity       : You are asking Spring Security to ignore Deferred [Mvc [pattern='/v2/api-docs/**'], Ant [pattern='/v2/api-docs/**']]. This is not recommended -- please use permitAll via HttpSecurity#authorizeHttpRequests instead.
2025-11-10T08:11:44.569-03:00  WARN 20728 --- [library-api-estudo] [main] o.s.s.c.a.web.builders.WebSecurity       : You are asking Spring Security to ignore Deferred [Mvc [pattern='/v3/api-docs/**'], Ant [pattern='/v3/api-docs/**']]. This is not recommended -- please use permitAll via HttpSecurity#authorizeHttpRequests instead.
2025-11-10T08:11:44.569-03:00  WARN 20728 --- [library-api-estudo] [main] o.s.s.c.a.web.builders.WebSecurity       : You are asking Spring Security to ignore Deferred [Mvc [pattern='/swagger-resources/**'], Ant [pattern='/swagger-resources/**']]. This is not recommended -- please use permitAll via HttpSecurity#authorizeHttpRequests instead.
2025-11-10T08:11:44.569-03:00  WARN 20728 --- [library-api-estudo] [main] o.s.s.c.a.web.builders.WebSecurity       : You are asking Spring Security to ignore Deferred [Mvc [pattern='/swagger-ui.html'], Ant [pattern='/swagger-ui.html']]. This is not recommended -- please use permitAll via HttpSecurity#authorizeHttpRequests instead.
2025-11-10T08:11:44.569-03:00  WARN 20728 --- [library-api-estudo] [main] o.s.s.c.a.web.builders.WebSecurity       : You are asking Spring Security to ignore Deferred [Mvc [pattern='/swagger-ui/**'], Ant [pattern='/swagger-ui/**']]. This is not recommended -- please use permitAll via HttpSecurity#authorizeHttpRequests instead.
2025-11-10T08:11:44.569-03:00  WARN 20728 --- [library-api-estudo] [main] o.s.s.c.a.web.builders.WebSecurity       : You are asking Spring Security to ignore Deferred [Mvc [pattern='/webjars/**'], Ant [pattern='/webjars/**']]. This is not recommended -- please use permitAll via HttpSecurity#authorizeHttpRequests instead.
2025-11-10T08:11:44.654-03:00 DEBUG 20728 --- [library-api-estudo] [main] s.w.s.m.m.a.RequestMappingHandlerAdapter : ControllerAdvice beans: 0 @ModelAttribute, 0 @InitBinder, 1 RequestBodyAdvice, 1 ResponseBodyAdvice
2025-11-10T08:11:44.684-03:00 DEBUG 20728 --- [library-api-estudo] [main] .m.m.a.ExceptionHandlerExceptionResolver : ControllerAdvice beans: 2 @ExceptionHandler, 1 ResponseBodyAdvice
2025-11-10T08:11:45.235-03:00  INFO 20728 --- [library-api-estudo] [main] i.g.a.l.LibraryApiEstudoApplication      : Started LibraryApiEstudoApplication in 11.068 seconds (process running for 11.578)
2025-11-10T08:12:09.665-03:00  INFO 20728 --- [library-api-estudo] [http-nio-8080-exec-1] o.s.web.servlet.DispatcherServlet        : Initializing Servlet 'dispatcherServlet'
2025-11-10T08:12:09.666-03:00 DEBUG 20728 --- [library-api-estudo] [http-nio-8080-exec-1] o.s.web.servlet.DispatcherServlet        : Detected StandardServletMultipartResolver
2025-11-10T08:12:09.666-03:00 DEBUG 20728 --- [library-api-estudo] [http-nio-8080-exec-1] o.s.web.servlet.DispatcherServlet        : Detected AcceptHeaderLocaleResolver
2025-11-10T08:12:09.666-03:00 DEBUG 20728 --- [library-api-estudo] [http-nio-8080-exec-1] o.s.web.servlet.DispatcherServlet        : Detected FixedThemeResolver
2025-11-10T08:12:09.668-03:00 DEBUG 20728 --- [library-api-estudo] [http-nio-8080-exec-1] o.s.web.servlet.DispatcherServlet        : Detected org.springframework.web.servlet.view.DefaultRequestToViewNameTranslator@28e9f6b8
2025-11-10T08:12:09.668-03:00 DEBUG 20728 --- [library-api-estudo] [http-nio-8080-exec-1] o.s.web.servlet.DispatcherServlet        : Detected org.springframework.web.servlet.support.SessionFlashMapManager@1fae279e
2025-11-10T08:12:09.669-03:00 DEBUG 20728 --- [library-api-estudo] [http-nio-8080-exec-1] o.s.web.servlet.DispatcherServlet        : enableLoggingRequestDetails='false': request parameters and headers will be masked to prevent unsafe logging of potentially sensitive data
2025-11-10T08:12:09.669-03:00  INFO 20728 --- [library-api-estudo] [http-nio-8080-exec-1] o.s.web.servlet.DispatcherServlet        : Completed initialization in 3 ms
2025-11-10T08:12:10.016-03:00 DEBUG 20728 --- [library-api-estudo] [http-nio-8080-exec-4] o.s.web.servlet.DispatcherServlet        : GET "/login", parameters={}
2025-11-10T08:12:10.019-03:00 DEBUG 20728 --- [library-api-estudo] [http-nio-8080-exec-4] o.s.w.s.handler.SimpleUrlHandlerMapping  : Mapped to ParameterizableViewController [view="login"]
2025-11-10T08:12:10.435-03:00 DEBUG 20728 --- [library-api-estudo] [http-nio-8080-exec-4] o.s.web.servlet.DispatcherServlet        : Completed 200 OK
2025-11-10T08:12:49.925-03:00 DEBUG 20728 --- [library-api-estudo] [http-nio-8080-exec-8] o.s.web.servlet.DispatcherServlet        : GET "/autores?nome=franc&nacionalidade=bra", parameters={masked}
2025-11-10T08:12:49.926-03:00 DEBUG 20728 --- [library-api-estudo] [http-nio-8080-exec-8] s.w.s.m.m.a.RequestMappingHandlerMapping : Mapped to io.github.aplaraujo.library_api_estudo.controllers.AutorController#pesquisar(String, String)
2025-11-10T08:12:50.110-03:00 DEBUG 20728 --- [library-api-estudo] [http-nio-8080-exec-8] o.s.w.s.m.m.a.HttpEntityMethodProcessor  : Using 'application/json', given [*/*] and supported [application/json, application/*+json]
2025-11-10T08:12:50.119-03:00 DEBUG 20728 --- [library-api-estudo] [http-nio-8080-exec-8] o.s.w.s.m.m.a.HttpEntityMethodProcessor  : Writing [[AutorDTO[id=309bcf72-d1f6-40ff-9045-6bb42f998fb7, nome=Francisca Chiara, dataNascimento=1980-01-01, (truncated)...]
2025-11-10T08:12:50.202-03:00 DEBUG 20728 --- [library-api-estudo] [http-nio-8080-exec-8] o.s.web.servlet.DispatcherServlet        : Completed 200 OK
2025-11-10T08:14:16.174-03:00 DEBUG 20728 --- [library-api-estudo] [http-nio-8080-exec-1] o.s.web.servlet.DispatcherServlet        : POST "/autores", parameters={}
2025-11-10T08:14:16.175-03:00 DEBUG 20728 --- [library-api-estudo] [http-nio-8080-exec-1] s.w.s.m.m.a.RequestMappingHandlerMapping : Mapped to io.github.aplaraujo.library_api_estudo.controllers.AutorController#salvar(AutorDTO)
2025-11-10T08:14:16.255-03:00 DEBUG 20728 --- [library-api-estudo] [http-nio-8080-exec-1] m.m.a.RequestResponseBodyMethodProcessor : Read "application/json;charset=UTF-8" to [AutorDTO[id=null, nome=Ester Duarte, dataNascimento=1970-06-01, nacionalidade=Brasileira]]
2025-11-10T08:14:16.334-03:00  INFO 20728 --- [library-api-estudo] [http-nio-8080-exec-1] i.g.a.l.controllers.AutorController      : Cadastrando novo autor: Ester Duarte
2025-11-10T08:14:16.498-03:00 DEBUG 20728 --- [library-api-estudo] [http-nio-8080-exec-1] o.s.w.s.m.m.a.HttpEntityMethodProcessor  : Using 'application/json', given [*/*] and supported [application/json, application/*+json]
2025-11-10T08:14:16.499-03:00 DEBUG 20728 --- [library-api-estudo] [http-nio-8080-exec-1] o.s.w.s.m.m.a.HttpEntityMethodProcessor  : Nothing to write: null body
2025-11-10T08:14:16.499-03:00 DEBUG 20728 --- [library-api-estudo] [http-nio-8080-exec-1] o.s.web.servlet.DispatcherServlet        : Completed 201 CREATED
2025-11-10T08:16:05.655-03:00 DEBUG 20728 --- [library-api-estudo] [http-nio-8080-exec-2] o.s.web.servlet.DispatcherServlet        : POST "/clients", parameters={}
2025-11-10T08:16:05.656-03:00 DEBUG 20728 --- [library-api-estudo] [http-nio-8080-exec-2] s.w.s.m.m.a.RequestMappingHandlerMapping : Mapped to io.github.aplaraujo.library_api_estudo.controllers.ClientController#salvar(Client)
2025-11-10T08:16:05.665-03:00 DEBUG 20728 --- [library-api-estudo] [http-nio-8080-exec-2] m.m.a.RequestResponseBodyMethodProcessor : Read "application/json;charset=UTF-8" to [Client(id=null, clientId=postman-client, clientSecret=postman-secret, redirectURI=http://localhost:8 (truncated)...]
2025-11-10T08:16:05.667-03:00  INFO 20728 --- [library-api-estudo] [http-nio-8080-exec-2] i.g.a.l.controllers.ClientController     : Registrando novo cliente: postman-client com escopo: GERENTE 
2025-11-10T08:16:05.834-03:00 DEBUG 20728 --- [library-api-estudo] [http-nio-8080-exec-2] o.s.web.servlet.DispatcherServlet        : Completed 201 CREATED
2025-11-10T08:22:21.970-03:00  INFO 8880 --- [library-api-estudo] [main] i.g.a.l.LibraryApiEstudoApplication      : Starting LibraryApiEstudoApplication using Java 21.0.8 with PID 8880 (C:\Users\anapa\Documents\git\library-api-estudo\target\classes started by anapa in C:\Users\anapa\Documents\git\library-api-estudo)
2025-11-10T08:22:21.971-03:00 DEBUG 8880 --- [library-api-estudo] [main] i.g.a.l.LibraryApiEstudoApplication      : Running with Spring Boot v3.3.5, Spring v6.1.14
2025-11-10T08:22:21.973-03:00  INFO 8880 --- [library-api-estudo] [main] i.g.a.l.LibraryApiEstudoApplication      : No active profile set, falling back to 1 default profile: "default"
2025-11-10T08:22:25.788-03:00  WARN 8880 --- [library-api-estudo] [main] com.zaxxer.hikari.HikariConfig           : library-db-pool - idleTimeout is close to or more than maxLifetime, disabling it.
2025-11-10T08:22:28.740-03:00 DEBUG 8880 --- [library-api-estudo] [main] i.g.a.l.s.JwtCustomAuthenticationFilter  : Filter 'jwtCustomAuthenticationFilter' configured for use
2025-11-10T08:22:30.282-03:00  WARN 8880 --- [library-api-estudo] [main] JpaBaseConfiguration$JpaWebConfiguration : spring.jpa.open-in-view is enabled by default. Therefore, database queries may be performed during view rendering. Explicitly configure spring.jpa.open-in-view to disable this warning
2025-11-10T08:22:30.562-03:00 DEBUG 8880 --- [library-api-estudo] [main] s.w.s.m.m.a.RequestMappingHandlerMapping : 21 mappings in 'requestMappingHandlerMapping'
2025-11-10T08:22:30.592-03:00 DEBUG 8880 --- [library-api-estudo] [main] o.s.w.s.handler.SimpleUrlHandlerMapping  : Patterns [/login] in 'viewControllerHandlerMapping'
2025-11-10T08:22:30.647-03:00 DEBUG 8880 --- [library-api-estudo] [main] o.s.w.s.handler.SimpleUrlHandlerMapping  : Patterns [/swagger-ui*/*swagger-initializer.js, /swagger-ui*/**] in 'resourceHandlerMapping'
2025-11-10T08:22:31.480-03:00  WARN 8880 --- [library-api-estudo] [main] o.s.s.c.a.web.builders.WebSecurity       : You are asking Spring Security to ignore Deferred [Mvc [pattern='/v2/api-docs/**'], Ant [pattern='/v2/api-docs/**']]. This is not recommended -- please use permitAll via HttpSecurity#authorizeHttpRequests instead.
2025-11-10T08:22:31.481-03:00  WARN 8880 --- [library-api-estudo] [main] o.s.s.c.a.web.builders.WebSecurity       : You are asking Spring Security to ignore Deferred [Mvc [pattern='/v3/api-docs/**'], Ant [pattern='/v3/api-docs/**']]. This is not recommended -- please use permitAll via HttpSecurity#authorizeHttpRequests instead.
2025-11-10T08:22:31.482-03:00  WARN 8880 --- [library-api-estudo] [main] o.s.s.c.a.web.builders.WebSecurity       : You are asking Spring Security to ignore Deferred [Mvc [pattern='/swagger-resources/**'], Ant [pattern='/swagger-resources/**']]. This is not recommended -- please use permitAll via HttpSecurity#authorizeHttpRequests instead.
2025-11-10T08:22:31.482-03:00  WARN 8880 --- [library-api-estudo] [main] o.s.s.c.a.web.builders.WebSecurity       : You are asking Spring Security to ignore Deferred [Mvc [pattern='/swagger-ui.html'], Ant [pattern='/swagger-ui.html']]. This is not recommended -- please use permitAll via HttpSecurity#authorizeHttpRequests instead.
2025-11-10T08:22:31.482-03:00  WARN 8880 --- [library-api-estudo] [main] o.s.s.c.a.web.builders.WebSecurity       : You are asking Spring Security to ignore Deferred [Mvc [pattern='/swagger-ui/**'], Ant [pattern='/swagger-ui/**']]. This is not recommended -- please use permitAll via HttpSecurity#authorizeHttpRequests instead.
2025-11-10T08:22:31.482-03:00  WARN 8880 --- [library-api-estudo] [main] o.s.s.c.a.web.builders.WebSecurity       : You are asking Spring Security to ignore Deferred [Mvc [pattern='/webjars/**'], Ant [pattern='/webjars/**']]. This is not recommended -- please use permitAll via HttpSecurity#authorizeHttpRequests instead.
2025-11-10T08:22:31.538-03:00 DEBUG 8880 --- [library-api-estudo] [main] s.w.s.m.m.a.RequestMappingHandlerAdapter : ControllerAdvice beans: 0 @ModelAttribute, 0 @InitBinder, 1 RequestBodyAdvice, 1 ResponseBodyAdvice
2025-11-10T08:22:31.567-03:00 DEBUG 8880 --- [library-api-estudo] [main] .m.m.a.ExceptionHandlerExceptionResolver : ControllerAdvice beans: 2 @ExceptionHandler, 1 ResponseBodyAdvice
2025-11-10T08:22:32.036-03:00  INFO 8880 --- [library-api-estudo] [main] i.g.a.l.LibraryApiEstudoApplication      : Started LibraryApiEstudoApplication in 10.737 seconds (process running for 11.236)
2025-11-10T08:28:44.672-03:00  INFO 10440 --- [library-api-estudo] [main] i.g.a.l.LibraryApiEstudoApplication      : Starting LibraryApiEstudoApplication using Java 21.0.8 with PID 10440 (C:\Users\anapa\Documents\git\library-api-estudo\target\classes started by anapa in C:\Users\anapa\Documents\git\library-api-estudo)
2025-11-10T08:28:44.675-03:00 DEBUG 10440 --- [library-api-estudo] [main] i.g.a.l.LibraryApiEstudoApplication      : Running with Spring Boot v3.3.5, Spring v6.1.14
2025-11-10T08:28:44.677-03:00  INFO 10440 --- [library-api-estudo] [main] i.g.a.l.LibraryApiEstudoApplication      : No active profile set, falling back to 1 default profile: "default"
2025-11-10T08:28:49.479-03:00  WARN 10440 --- [library-api-estudo] [main] com.zaxxer.hikari.HikariConfig           : library-db-pool - idleTimeout is close to or more than maxLifetime, disabling it.
2025-11-10T08:28:52.160-03:00 DEBUG 10440 --- [library-api-estudo] [main] i.g.a.l.s.JwtCustomAuthenticationFilter  : Filter 'jwtCustomAuthenticationFilter' configured for use
2025-11-10T08:28:53.205-03:00  WARN 10440 --- [library-api-estudo] [main] JpaBaseConfiguration$JpaWebConfiguration : spring.jpa.open-in-view is enabled by default. Therefore, database queries may be performed during view rendering. Explicitly configure spring.jpa.open-in-view to disable this warning
2025-11-10T08:28:53.414-03:00 DEBUG 10440 --- [library-api-estudo] [main] s.w.s.m.m.a.RequestMappingHandlerMapping : 21 mappings in 'requestMappingHandlerMapping'
2025-11-10T08:28:53.435-03:00 DEBUG 10440 --- [library-api-estudo] [main] o.s.w.s.handler.SimpleUrlHandlerMapping  : Patterns [/login] in 'viewControllerHandlerMapping'
2025-11-10T08:28:53.462-03:00 DEBUG 10440 --- [library-api-estudo] [main] o.s.w.s.handler.SimpleUrlHandlerMapping  : Patterns [/swagger-ui*/*swagger-initializer.js, /swagger-ui*/**] in 'resourceHandlerMapping'
2025-11-10T08:28:54.106-03:00  WARN 10440 --- [library-api-estudo] [main] o.s.s.c.a.web.builders.WebSecurity       : You are asking Spring Security to ignore Deferred [Mvc [pattern='/v2/api-docs/**'], Ant [pattern='/v2/api-docs/**']]. This is not recommended -- please use permitAll via HttpSecurity#authorizeHttpRequests instead.
2025-11-10T08:28:54.107-03:00  WARN 10440 --- [library-api-estudo] [main] o.s.s.c.a.web.builders.WebSecurity       : You are asking Spring Security to ignore Deferred [Mvc [pattern='/v3/api-docs/**'], Ant [pattern='/v3/api-docs/**']]. This is not recommended -- please use permitAll via HttpSecurity#authorizeHttpRequests instead.
2025-11-10T08:28:54.107-03:00  WARN 10440 --- [library-api-estudo] [main] o.s.s.c.a.web.builders.WebSecurity       : You are asking Spring Security to ignore Deferred [Mvc [pattern='/swagger-resources/**'], Ant [pattern='/swagger-resources/**']]. This is not recommended -- please use permitAll via HttpSecurity#authorizeHttpRequests instead.
2025-11-10T08:28:54.107-03:00  WARN 10440 --- [library-api-estudo] [main] o.s.s.c.a.web.builders.WebSecurity       : You are asking Spring Security to ignore Deferred [Mvc [pattern='/swagger-ui.html'], Ant [pattern='/swagger-ui.html']]. This is not recommended -- please use permitAll via HttpSecurity#authorizeHttpRequests instead.
2025-11-10T08:28:54.107-03:00  WARN 10440 --- [library-api-estudo] [main] o.s.s.c.a.web.builders.WebSecurity       : You are asking Spring Security to ignore Deferred [Mvc [pattern='/swagger-ui/**'], Ant [pattern='/swagger-ui/**']]. This is not recommended -- please use permitAll via HttpSecurity#authorizeHttpRequests instead.
2025-11-10T08:28:54.107-03:00  WARN 10440 --- [library-api-estudo] [main] o.s.s.c.a.web.builders.WebSecurity       : You are asking Spring Security to ignore Deferred [Mvc [pattern='/webjars/**'], Ant [pattern='/webjars/**']]. This is not recommended -- please use permitAll via HttpSecurity#authorizeHttpRequests instead.
2025-11-10T08:28:54.155-03:00 DEBUG 10440 --- [library-api-estudo] [main] s.w.s.m.m.a.RequestMappingHandlerAdapter : ControllerAdvice beans: 0 @ModelAttribute, 0 @InitBinder, 1 RequestBodyAdvice, 1 ResponseBodyAdvice
2025-11-10T08:28:54.181-03:00 DEBUG 10440 --- [library-api-estudo] [main] .m.m.a.ExceptionHandlerExceptionResolver : ControllerAdvice beans: 2 @ExceptionHandler, 1 ResponseBodyAdvice
2025-11-10T08:28:54.584-03:00  INFO 10440 --- [library-api-estudo] [main] i.g.a.l.LibraryApiEstudoApplication      : Started LibraryApiEstudoApplication in 10.688 seconds (process running for 11.333)
